<?xml version="1.0" encoding="UTF-8"?>
<!-- Generated by org.testng.reporters.JUnitReportReporter -->
<testsuite hostname="Gulshan" failures="0" tests="2" name="cmd.OrgTest.OrgTest" time="0.003" errors="0" timestamp="31 May 2024 05:37:46 GMT" skipped="0">
  <testcase classname="cmd.OrgTest.OrgTest" name="modifyOrg" time="0.001"/>
  <testcase classname="cmd.OrgTest.OrgTest" name="createOrg" time="0.002"/>
</testsuite> <!-- cmd.OrgTest.OrgTest -->
